<?xml version="1.0" encoding="UTF-8"?>
<!-- Generated by org.testng.reporters.JUnitReportReporter -->
<testsuite hostname="DESKTOP-7L9P12D" failures="0" tests="3" name="testscript.AdminUserTest" time="19.519" errors="0" timestamp="2025-03-20T14:19:11 IST" skipped="0">
  <testcase classname="testscript.AdminUserTest" name="verifyWhetherUserIsAbleToAddNewUsersToUsersList" time="9.900"/>
  <testcase classname="testscript.AdminUserTest" name="verifyWhetherUsersIsAbleToSearchNewlyAddedUsersInTheNewlyAddedUsersList" time="4.745"/>
  <testcase classname="testscript.AdminUserTest" name="verifyUsersIsAbleToRefreshNewlyAddedUsersPageUsingResetButton" time="4.874"/>
</testsuite> <!-- testscript.AdminUserTest -->
