<?xml version="1.0" encoding="UTF-8"?>
<!-- Generated by org.testng.reporters.JUnitReportReporter -->
<testsuite hostname="DESKTOP-7L9P12D" failures="0" tests="3" name="testscript.ManageNews" time="23.533" errors="0" timestamp="2025-03-20T12:58:33 IST" skipped="0">
  <testcase classname="testscript.ManageNews" name="verifyWhetherUserCanEnterNewNewsInformationsInManageNewsField" time="11.278"/>
  <testcase classname="testscript.ManageNews" name="verifyWhetherUserIsAbleToSearchNewlyAddedNewsInManageNewsField" time="6.088"/>
  <testcase classname="testscript.ManageNews" name="verifyWhetherUserIsAbleToRefreshManageNewsPageUsingResetButton" time="6.167"/>
</testsuite> <!-- testscript.ManageNews -->
